<?xml version="1.0" encoding="UTF-8"?>
<!-- Generated by org.testng.reporters.JUnitReportReporter -->
<testsuite hostname="DESKTOP-4K9JEOA" failures="0" tests="2" name="Airline_Testcases.TC15_Make_Payment" time="66.527" errors="0" timestamp="2024-05-17T16:13:40 IST" skipped="1">
  <testcase classname="Airline_Testcases.TC15_Make_Payment" name="make_payment" time="35.258"/>
  <testcase classname="Airline_Testcases.TC15_Make_Payment" name="make_payment" time="31.269">
    <skipped/>
  </testcase> <!-- make_payment -->
</testsuite> <!-- Airline_Testcases.TC15_Make_Payment -->
