<?xml version="1.0" encoding="UTF-8"?>
<!-- Generated by org.testng.reporters.JUnitReportReporter -->
<testsuite hostname="DESKTOP-4K9JEOA" failures="0" tests="2" name="Airline_Testcases.TC13_Apply_Coupon_Code" time="49.717" errors="0" timestamp="2024-05-17T16:13:40 IST" skipped="1">
  <testcase classname="Airline_Testcases.TC13_Apply_Coupon_Code" name="apply_coupon_code" time="27.386"/>
  <testcase classname="Airline_Testcases.TC13_Apply_Coupon_Code" name="apply_coupon_code" time="22.331">
    <skipped/>
  </testcase> <!-- apply_coupon_code -->
</testsuite> <!-- Airline_Testcases.TC13_Apply_Coupon_Code -->
