<?xml version="1.0" encoding="UTF-8"?>
<!-- Generated by org.testng.reporters.JUnitReportReporter -->
<testsuite hostname="DESKTOP-4K9JEOA" failures="0" tests="1" name="Airline_Testcases.TC2_Login_Functionality" time="13.643" errors="0" timestamp="2024-05-17T16:13:40 IST" skipped="0">
  <testcase classname="Airline_Testcases.TC2_Login_Functionality" name="sucessful_login" time="13.643"/>
</testsuite> <!-- Airline_Testcases.TC2_Login_Functionality -->
